<?xml version="1.0" encoding="utf-8"?>
<process xmlns="http://www.hybris.de/xsd/processdefinition" start="testAction" name="test-process"
         processClass="de.hybris.training.core.model.TestProcessesModel" onError="error">

    <action id="testAction" bean="testAction">
        <transition name="OK" to="success"/>
        <transition name="NOK" to="error"/>
    </action>


    <end id="error" state="ERROR">All went wrong.</end>
    <end id="failed" state="FAILED">Order not placed.</end>
    <end id="success" state="SUCCEEDED">Order placed.</end>

</process>